running egg_info
writing C:\Users\joicy\Documents\ufal\2020.2\robotica\projetos\atv1\build\controller\controller.egg-info\PKG-INFO
writing dependency_links to C:\Users\joicy\Documents\ufal\2020.2\robotica\projetos\atv1\build\controller\controller.egg-info\dependency_links.txt
writing entry points to C:\Users\joicy\Documents\ufal\2020.2\robotica\projetos\atv1\build\controller\controller.egg-info\entry_points.txt
writing requirements to C:\Users\joicy\Documents\ufal\2020.2\robotica\projetos\atv1\build\controller\controller.egg-info\requires.txt
writing top-level names to C:\Users\joicy\Documents\ufal\2020.2\robotica\projetos\atv1\build\controller\controller.egg-info\top_level.txt
reading manifest file 'C:\Users\joicy\Documents\ufal\2020.2\robotica\projetos\atv1\build\controller\controller.egg-info\SOURCES.txt'
writing manifest file 'C:\Users\joicy\Documents\ufal\2020.2\robotica\projetos\atv1\build\controller\controller.egg-info\SOURCES.txt'
running build
running build_py
running install
running install_lib
writing byte-compilation script 'C:\Users\joicy\AppData\Local\Temp\tmpj1piqnqo.py'
c:\opt\ros\foxy\x64\python.exe C:\Users\joicy\AppData\Local\Temp\tmpj1piqnqo.py
removing C:\Users\joicy\AppData\Local\Temp\tmpj1piqnqo.py
running install_data
running install_egg_info
removing 'C:\Users\joicy\Documents\ufal\2020.2\robotica\projetos\atv1\install\controller\Lib\site-packages\controller-0.0.0-py3.8.egg-info' (and everything under it)
Copying C:\Users\joicy\Documents\ufal\2020.2\robotica\projetos\atv1\build\controller\controller.egg-info to C:\Users\joicy\Documents\ufal\2020.2\robotica\projetos\atv1\install\controller\Lib\site-packages\controller-0.0.0-py3.8.egg-info
running install_scripts
Installing listener-script.py script to C:\Users\joicy\Documents\ufal\2020.2\robotica\projetos\atv1\install\controller\lib\controller
Installing listener.exe script to C:\Users\joicy\Documents\ufal\2020.2\robotica\projetos\atv1\install\controller\lib\controller
writing list of installed files to 'C:\Users\joicy\Documents\ufal\2020.2\robotica\projetos\atv1\build\controller\install.log'
