running egg_info
creating C:\Users\joicy\Documents\ufal\2020.2\robotica\projetos\atv1\build\controller\controller.egg-info
writing C:\Users\joicy\Documents\ufal\2020.2\robotica\projetos\atv1\build\controller\controller.egg-info\PKG-INFO
writing dependency_links to C:\Users\joicy\Documents\ufal\2020.2\robotica\projetos\atv1\build\controller\controller.egg-info\dependency_links.txt
writing entry points to C:\Users\joicy\Documents\ufal\2020.2\robotica\projetos\atv1\build\controller\controller.egg-info\entry_points.txt
writing requirements to C:\Users\joicy\Documents\ufal\2020.2\robotica\projetos\atv1\build\controller\controller.egg-info\requires.txt
writing top-level names to C:\Users\joicy\Documents\ufal\2020.2\robotica\projetos\atv1\build\controller\controller.egg-info\top_level.txt
writing manifest file 'C:\Users\joicy\Documents\ufal\2020.2\robotica\projetos\atv1\build\controller\controller.egg-info\SOURCES.txt'
reading manifest file 'C:\Users\joicy\Documents\ufal\2020.2\robotica\projetos\atv1\build\controller\controller.egg-info\SOURCES.txt'
writing manifest file 'C:\Users\joicy\Documents\ufal\2020.2\robotica\projetos\atv1\build\controller\controller.egg-info\SOURCES.txt'
running build
running build_py
creating C:\Users\joicy\Documents\ufal\2020.2\robotica\projetos\atv1\build\controller\build
creating C:\Users\joicy\Documents\ufal\2020.2\robotica\projetos\atv1\build\controller\build\lib
creating C:\Users\joicy\Documents\ufal\2020.2\robotica\projetos\atv1\build\controller\build\lib\controller
copying controller\controller.py -> C:\Users\joicy\Documents\ufal\2020.2\robotica\projetos\atv1\build\controller\build\lib\controller
copying controller\__init__.py -> C:\Users\joicy\Documents\ufal\2020.2\robotica\projetos\atv1\build\controller\build\lib\controller
running install
running install_lib
creating C:\Users\joicy\Documents\ufal\2020.2\robotica\projetos\atv1\install\controller\Lib\site-packages\controller
copying C:\Users\joicy\Documents\ufal\2020.2\robotica\projetos\atv1\build\controller\build\lib\controller\controller.py -> C:\Users\joicy\Documents\ufal\2020.2\robotica\projetos\atv1\install\controller\Lib\site-packages\controller
copying C:\Users\joicy\Documents\ufal\2020.2\robotica\projetos\atv1\build\controller\build\lib\controller\__init__.py -> C:\Users\joicy\Documents\ufal\2020.2\robotica\projetos\atv1\install\controller\Lib\site-packages\controller
writing byte-compilation script 'C:\Users\joicy\AppData\Local\Temp\tmpoavzibki.py'
c:\opt\ros\foxy\x64\python.exe C:\Users\joicy\AppData\Local\Temp\tmpoavzibki.py
removing C:\Users\joicy\AppData\Local\Temp\tmpoavzibki.py
running install_data
creating C:\Users\joicy\Documents\ufal\2020.2\robotica\projetos\atv1\install\controller\share\ament_index
creating C:\Users\joicy\Documents\ufal\2020.2\robotica\projetos\atv1\install\controller\share\ament_index\resource_index
creating C:\Users\joicy\Documents\ufal\2020.2\robotica\projetos\atv1\install\controller\share\ament_index\resource_index\packages
copying resource\controller -> C:\Users\joicy\Documents\ufal\2020.2\robotica\projetos\atv1\install\controller\share\ament_index\resource_index\packages
copying package.xml -> C:\Users\joicy\Documents\ufal\2020.2\robotica\projetos\atv1\install\controller\share\controller
running install_egg_info
Copying C:\Users\joicy\Documents\ufal\2020.2\robotica\projetos\atv1\build\controller\controller.egg-info to C:\Users\joicy\Documents\ufal\2020.2\robotica\projetos\atv1\install\controller\Lib\site-packages\controller-0.0.0-py3.8.egg-info
running install_scripts
Installing listener-script.py script to C:\Users\joicy\Documents\ufal\2020.2\robotica\projetos\atv1\install\controller\lib\controller
Installing listener.exe script to C:\Users\joicy\Documents\ufal\2020.2\robotica\projetos\atv1\install\controller\lib\controller
writing list of installed files to 'C:\Users\joicy\Documents\ufal\2020.2\robotica\projetos\atv1\build\controller\install.log'
