[2.172s] Invoking command in 'C:\Users\joicy\Documents\ufal\2020.2\robotica\projetos\atv1\src\controller': PYTHONPATH=C:\Users\joicy\Documents\ufal\2020.2\robotica\projetos\atv1\install\controller\Lib\site-packages;%PYTHONPATH% c:\opt\ros\foxy\x64\python.exe setup.py egg_info --egg-base C:\Users\joicy\Documents\ufal\2020.2\robotica\projetos\atv1\build\controller build --build-base C:\Users\joicy\Documents\ufal\2020.2\robotica\projetos\atv1\build\controller\build install --prefix C:\Users\joicy\Documents\ufal\2020.2\robotica\projetos\atv1\install\controller --record C:\Users\joicy\Documents\ufal\2020.2\robotica\projetos\atv1\build\controller\install.log --single-version-externally-managed
[2.922s] running egg_info
[2.922s] creating C:\Users\joicy\Documents\ufal\2020.2\robotica\projetos\atv1\build\controller\controller.egg-info
[2.937s] writing C:\Users\joicy\Documents\ufal\2020.2\robotica\projetos\atv1\build\controller\controller.egg-info\PKG-INFO
[2.937s] writing dependency_links to C:\Users\joicy\Documents\ufal\2020.2\robotica\projetos\atv1\build\controller\controller.egg-info\dependency_links.txt
[2.937s] writing entry points to C:\Users\joicy\Documents\ufal\2020.2\robotica\projetos\atv1\build\controller\controller.egg-info\entry_points.txt
[2.937s] writing requirements to C:\Users\joicy\Documents\ufal\2020.2\robotica\projetos\atv1\build\controller\controller.egg-info\requires.txt
[2.937s] writing top-level names to C:\Users\joicy\Documents\ufal\2020.2\robotica\projetos\atv1\build\controller\controller.egg-info\top_level.txt
[2.953s] writing manifest file 'C:\Users\joicy\Documents\ufal\2020.2\robotica\projetos\atv1\build\controller\controller.egg-info\SOURCES.txt'
[2.984s] reading manifest file 'C:\Users\joicy\Documents\ufal\2020.2\robotica\projetos\atv1\build\controller\controller.egg-info\SOURCES.txt'
[2.984s] writing manifest file 'C:\Users\joicy\Documents\ufal\2020.2\robotica\projetos\atv1\build\controller\controller.egg-info\SOURCES.txt'
[2.984s] running build
[2.984s] running build_py
[2.984s] creating C:\Users\joicy\Documents\ufal\2020.2\robotica\projetos\atv1\build\controller\build
[2.984s] creating C:\Users\joicy\Documents\ufal\2020.2\robotica\projetos\atv1\build\controller\build\lib
[2.984s] creating C:\Users\joicy\Documents\ufal\2020.2\robotica\projetos\atv1\build\controller\build\lib\controller
[2.984s] copying controller\controller.py -> C:\Users\joicy\Documents\ufal\2020.2\robotica\projetos\atv1\build\controller\build\lib\controller
[3.000s] copying controller\__init__.py -> C:\Users\joicy\Documents\ufal\2020.2\robotica\projetos\atv1\build\controller\build\lib\controller
[3.000s] running install
[3.000s] running install_lib
[3.000s] creating C:\Users\joicy\Documents\ufal\2020.2\robotica\projetos\atv1\install\controller\Lib\site-packages\controller
[3.000s] copying C:\Users\joicy\Documents\ufal\2020.2\robotica\projetos\atv1\build\controller\build\lib\controller\controller.py -> C:\Users\joicy\Documents\ufal\2020.2\robotica\projetos\atv1\install\controller\Lib\site-packages\controller
[3.000s] copying C:\Users\joicy\Documents\ufal\2020.2\robotica\projetos\atv1\build\controller\build\lib\controller\__init__.py -> C:\Users\joicy\Documents\ufal\2020.2\robotica\projetos\atv1\install\controller\Lib\site-packages\controller
[3.015s] writing byte-compilation script 'C:\Users\joicy\AppData\Local\Temp\tmpoavzibki.py'
[3.015s] c:\opt\ros\foxy\x64\python.exe C:\Users\joicy\AppData\Local\Temp\tmpoavzibki.py
[3.156s] removing C:\Users\joicy\AppData\Local\Temp\tmpoavzibki.py
[3.156s] running install_data
[3.156s] creating C:\Users\joicy\Documents\ufal\2020.2\robotica\projetos\atv1\install\controller\share\ament_index
[3.172s] creating C:\Users\joicy\Documents\ufal\2020.2\robotica\projetos\atv1\install\controller\share\ament_index\resource_index
[3.172s] creating C:\Users\joicy\Documents\ufal\2020.2\robotica\projetos\atv1\install\controller\share\ament_index\resource_index\packages
[3.172s] copying resource\controller -> C:\Users\joicy\Documents\ufal\2020.2\robotica\projetos\atv1\install\controller\share\ament_index\resource_index\packages
[3.172s] copying package.xml -> C:\Users\joicy\Documents\ufal\2020.2\robotica\projetos\atv1\install\controller\share\controller
[3.203s] running install_egg_info
[3.203s] Copying C:\Users\joicy\Documents\ufal\2020.2\robotica\projetos\atv1\build\controller\controller.egg-info to C:\Users\joicy\Documents\ufal\2020.2\robotica\projetos\atv1\install\controller\Lib\site-packages\controller-0.0.0-py3.8.egg-info
[3.250s] running install_scripts
[3.297s] Installing listener-script.py script to C:\Users\joicy\Documents\ufal\2020.2\robotica\projetos\atv1\install\controller\lib\controller
[3.406s] Installing listener.exe script to C:\Users\joicy\Documents\ufal\2020.2\robotica\projetos\atv1\install\controller\lib\controller
[3.437s] writing list of installed files to 'C:\Users\joicy\Documents\ufal\2020.2\robotica\projetos\atv1\build\controller\install.log'
[3.531s] Invoked command in 'C:\Users\joicy\Documents\ufal\2020.2\robotica\projetos\atv1\src\controller' returned '0': PYTHONPATH=C:\Users\joicy\Documents\ufal\2020.2\robotica\projetos\atv1\install\controller\Lib\site-packages;%PYTHONPATH% c:\opt\ros\foxy\x64\python.exe setup.py egg_info --egg-base C:\Users\joicy\Documents\ufal\2020.2\robotica\projetos\atv1\build\controller build --build-base C:\Users\joicy\Documents\ufal\2020.2\robotica\projetos\atv1\build\controller\build install --prefix C:\Users\joicy\Documents\ufal\2020.2\robotica\projetos\atv1\install\controller --record C:\Users\joicy\Documents\ufal\2020.2\robotica\projetos\atv1\build\controller\install.log --single-version-externally-managed
